<?xml version="1.0" encoding="UTF-8"?>
<!-- Generated by org.testng.reporters.JUnitXMLReporter -->
<testsuite ignored="0" hostname="DESKTOP-2V8C14C" failures="0" tests="25" name="Test" time="75.996" errors="0" timestamp="2024-02-07T22:52:02 IST">
  <testcase classname="Ollion.RestAssuredAssignment.badges_ids_GET" name="testInvalidAuthorizationToken" time="16.05"/>
  <testcase classname="Ollion.RestAssuredAssignment.badges_ids_GET" name="testInvalidDateFormat" time="1.985"/>
  <testcase classname="Ollion.RestAssuredAssignment.badges_ids_GET" name="testInvalidID" time="2.265"/>
  <testcase classname="Ollion.RestAssuredAssignment.badges_ids_GET" name="testInvalidMinParameter" time="2.091"/>
  <testcase classname="Ollion.RestAssuredAssignment.badges_ids_GET" name="testInvalidOrderParameter" time="1.824"/>
  <testcase classname="Ollion.RestAssuredAssignment.badges_ids_GET" name="testInvalidPageNumber" time="2.247"/>
  <testcase classname="Ollion.RestAssuredAssignment.badges_ids_GET" name="testInvalidPageSize" time="2.113"/>
  <testcase classname="Ollion.RestAssuredAssignment.badges_ids_GET" name="testInvalidSortParameter" time="1.801"/>
  <testcase classname="Ollion.RestAssuredAssignment.badges_ids_GET" name="testMissingRequiredParameters" time="2.421"/>
  <testcase classname="Ollion.RestAssuredAssignment.badges_ids_GET" name="testValidRequest" time="9.719"/>
  <testcase classname="Ollion.RestAssuredAssignment.badges_tags_GET" name="testInvalidAuthorizationToken" time="1.896"/>
  <testcase classname="Ollion.RestAssuredAssignment.badges_tags_GET" name="testInvalidDateFormat" time="1.815"/>
  <testcase classname="Ollion.RestAssuredAssignment.badges_tags_GET" name="testInvalidMinParameter" time="2.288"/>
  <testcase classname="Ollion.RestAssuredAssignment.badges_tags_GET" name="testInvalidOrderParameter" time="1.825"/>
  <testcase classname="Ollion.RestAssuredAssignment.badges_tags_GET" name="testInvalidPageNumber" time="1.829"/>
  <testcase classname="Ollion.RestAssuredAssignment.badges_tags_GET" name="testInvalidPageSize" time="1.822"/>
  <testcase classname="Ollion.RestAssuredAssignment.badges_tags_GET" name="testInvalidSortParameter" time="1.655"/>
  <testcase classname="Ollion.RestAssuredAssignment.badges_tags_GET" name="testMissingRequiredParameters" time="1.836"/>
  <testcase classname="Ollion.RestAssuredAssignment.badges_tags_GET" name="testValidRequest" time="1.92"/>
  <testcase classname="Ollion.RestAssuredAssignment.badges_Recipients_GET" name="testInvalidAuthorizationToken" time="1.628"/>
  <testcase classname="Ollion.RestAssuredAssignment.badges_Recipients_GET" name="testInvalidDateFormat" time="2.639"/>
  <testcase classname="Ollion.RestAssuredAssignment.badges_Recipients_GET" name="testInvalidPageNumber" time="2.396"/>
  <testcase classname="Ollion.RestAssuredAssignment.badges_Recipients_GET" name="testInvalidPageSize" time="2.554"/>
  <testcase classname="Ollion.RestAssuredAssignment.badges_Recipients_GET" name="testMissingRequiredParameters" time="2.167"/>
  <testcase classname="Ollion.RestAssuredAssignment.badges_Recipients_GET" name="testValidRequest" time="1.9"/>
</testsuite> <!-- Test -->
