<?xml version="1.0" encoding="UTF-8"?>
<!-- Generated by org.testng.reporters.JUnitXMLReporter -->
<testsuite ignored="0" hostname="DESKTOP-2V8C14C" failures="0" tests="25" name="Test" time="51.15" errors="0" timestamp="2024-02-08T09:34:10 IST">
  <testcase classname="Ollion.RestAssuredAssignment.badges_ids_GET" name="testInvalidAuthorizationToken" time="8.501"/>
  <testcase classname="Ollion.RestAssuredAssignment.badges_ids_GET" name="testInvalidDateFormat" time="1.654"/>
  <testcase classname="Ollion.RestAssuredAssignment.badges_ids_GET" name="testInvalidID" time="1.614"/>
  <testcase classname="Ollion.RestAssuredAssignment.badges_ids_GET" name="testInvalidMinParameter" time="1.648"/>
  <testcase classname="Ollion.RestAssuredAssignment.badges_ids_GET" name="testInvalidOrderParameter" time="1.625"/>
  <testcase classname="Ollion.RestAssuredAssignment.badges_ids_GET" name="testInvalidPageNumber" time="1.763"/>
  <testcase classname="Ollion.RestAssuredAssignment.badges_ids_GET" name="testInvalidPageSize" time="1.548"/>
  <testcase classname="Ollion.RestAssuredAssignment.badges_ids_GET" name="testInvalidSortParameter" time="1.672"/>
  <testcase classname="Ollion.RestAssuredAssignment.badges_ids_GET" name="testMissingRequiredParameters" time="1.686"/>
  <testcase classname="Ollion.RestAssuredAssignment.badges_ids_GET" name="testValidRequest" time="4.088"/>
  <testcase classname="Ollion.RestAssuredAssignment.badges_tags_GET" name="testInvalidAuthorizationToken" time="1.533"/>
  <testcase classname="Ollion.RestAssuredAssignment.badges_tags_GET" name="testInvalidDateFormat" time="1.505"/>
  <testcase classname="Ollion.RestAssuredAssignment.badges_tags_GET" name="testInvalidMinParameter" time="1.323"/>
  <testcase classname="Ollion.RestAssuredAssignment.badges_tags_GET" name="testInvalidOrderParameter" time="1.683"/>
  <testcase classname="Ollion.RestAssuredAssignment.badges_tags_GET" name="testInvalidPageNumber" time="1.591"/>
  <testcase classname="Ollion.RestAssuredAssignment.badges_tags_GET" name="testInvalidPageSize" time="1.518"/>
  <testcase classname="Ollion.RestAssuredAssignment.badges_tags_GET" name="testInvalidSortParameter" time="1.546"/>
  <testcase classname="Ollion.RestAssuredAssignment.badges_tags_GET" name="testMissingRequiredParameters" time="1.583"/>
  <testcase classname="Ollion.RestAssuredAssignment.badges_tags_GET" name="testValidRequest" time="1.765"/>
  <testcase classname="Ollion.RestAssuredAssignment.badges_Recipients_GET" name="testInvalidAuthorizationToken" time="1.492"/>
  <testcase classname="Ollion.RestAssuredAssignment.badges_Recipients_GET" name="testInvalidDateFormat" time="1.465"/>
  <testcase classname="Ollion.RestAssuredAssignment.badges_Recipients_GET" name="testInvalidPageNumber" time="1.8"/>
  <testcase classname="Ollion.RestAssuredAssignment.badges_Recipients_GET" name="testInvalidPageSize" time="1.469"/>
  <testcase classname="Ollion.RestAssuredAssignment.badges_Recipients_GET" name="testMissingRequiredParameters" time="1.587"/>
  <testcase classname="Ollion.RestAssuredAssignment.badges_Recipients_GET" name="testValidRequest" time="1.776"/>
</testsuite> <!-- Test -->
