<?xml version="1.0" encoding="UTF-8"?>
<!-- Generated by org.testng.reporters.JUnitXMLReporter -->
<testsuite ignored="0" hostname="DESKTOP-2V8C14C" failures="0" tests="10" name="Default test" time="27.173" errors="0" timestamp="2024-02-08T09:14:53 IST">
  <testcase classname="Ollion.RestAssuredAssignment.badges_ids_GET" name="testInvalidAuthorizationToken" time="9.032"/>
  <testcase classname="Ollion.RestAssuredAssignment.badges_ids_GET" name="testInvalidDateFormat" time="1.207"/>
  <testcase classname="Ollion.RestAssuredAssignment.badges_ids_GET" name="testInvalidID" time="1.594"/>
  <testcase classname="Ollion.RestAssuredAssignment.badges_ids_GET" name="testInvalidMinParameter" time="1.578"/>
  <testcase classname="Ollion.RestAssuredAssignment.badges_ids_GET" name="testInvalidOrderParameter" time="1.558"/>
  <testcase classname="Ollion.RestAssuredAssignment.badges_ids_GET" name="testInvalidPageNumber" time="1.562"/>
  <testcase classname="Ollion.RestAssuredAssignment.badges_ids_GET" name="testInvalidPageSize" time="1.735"/>
  <testcase classname="Ollion.RestAssuredAssignment.badges_ids_GET" name="testInvalidSortParameter" time="1.664"/>
  <testcase classname="Ollion.RestAssuredAssignment.badges_ids_GET" name="testMissingRequiredParameters" time="1.597"/>
  <testcase classname="Ollion.RestAssuredAssignment.badges_ids_GET" name="testValidRequest" time="3.82"/>
</testsuite> <!-- Default test -->
